# JRE version: OpenJDK Runtime Environment (11.0.8+10) (build 11.0.8+10-b944.6842174)
# Java VM: OpenJDK 64-Bit Server VM (11.0.8+10-b944.6842174, mixed mode, tiered, compressed oops, g1 gc, windows-amd64)
Heap:
 garbage-first heap   total 192512K, used 150923K [0x0000000080000000, 0x0000000100000000)
  region size 1024K, 73 young (74752K), 6 survivors (6144K)
 Metaspace       used 92123K, capacity 94400K, committed 94548K, reserved 1132544K
  class space    used 11590K, capacity 12352K, committed 12416K, reserved 1048576K
GC Heap History (20 events):
Event: 19.468 GC heap before
{Heap before GC invocations=24 (full 0):
 garbage-first heap   total 133120K, used 101365K [0x0000000080000000, 0x0000000100000000)
  region size 1024K, 49 young (50176K), 6 survivors (6144K)
 Metaspace       used 76671K, capacity 78415K, committed 78676K, reserved 1118208K
  class space    used 9963K, capacity 10597K, committed 10624K, reserved 1048576K
}
Event: 19.490 GC heap after
{Heap after GC invocations=25 (full 0):
 garbage-first heap   total 159744K, used 62227K [0x0000000080000000, 0x0000000100000000)
  region size 1024K, 7 young (7168K), 7 survivors (7168K)
 Metaspace       used 76671K, capacity 78415K, committed 78676K, reserved 1118208K
  class space    used 9963K, capacity 10597K, committed 10624K, reserved 1048576K
}
Event: 20.966 GC heap before
{Heap before GC invocations=25 (full 0):
 garbage-first heap   total 159744K, used 114451K [0x0000000080000000, 0x0000000100000000)
  region size 1024K, 59 young (60416K), 7 survivors (7168K)
 Metaspace       used 77443K, capacity 79267K, committed 79444K, reserved 1118208K
  class space    used 9988K, capacity 10617K, committed 10624K, reserved 1048576K
}
Event: 20.988 GC heap after
{Heap after GC invocations=26 (full 0):
 garbage-first heap   total 159744K, used 66391K [0x0000000080000000, 0x0000000100000000)
  region size 1024K, 8 young (8192K), 8 survivors (8192K)
 Metaspace       used 77443K, capacity 79267K, committed 79444K, reserved 1118208K
  class space    used 9988K, capacity 10617K, committed 10624K, reserved 1048576K
}
Event: 21.935 GC heap before
{Heap before GC invocations=26 (full 0):
 garbage-first heap   total 159744K, used 124759K [0x0000000080000000, 0x0000000100000000)
  region size 1024K, 65 young (66560K), 8 survivors (8192K)
 Metaspace       used 80276K, capacity 82121K, committed 82132K, reserved 1120256K
  class space    used 10360K, capacity 11004K, committed 11008K, reserved 1048576K
}
Event: 21.955 GC heap after
{Heap after GC invocations=27 (full 0):
 garbage-first heap   total 159744K, used 68820K [0x0000000080000000, 0x0000000100000000)
  region size 1024K, 7 young (7168K), 7 survivors (7168K)
 Metaspace       used 80276K, capacity 82121K, committed 82132K, reserved 1120256K
  class space    used 10360K, capacity 11004K, committed 11008K, reserved 1048576K
}
Event: 23.114 GC heap before
{Heap before GC invocations=27 (full 0):
 garbage-first heap   total 159744K, used 126164K [0x0000000080000000, 0x0000000100000000)
  region size 1024K, 64 young (65536K), 7 survivors (7168K)
 Metaspace       used 82741K, capacity 84673K, committed 84820K, reserved 1122304K
  class space    used 10653K, capacity 11319K, committed 11392K, reserved 1048576K
}
Event: 23.135 GC heap after
{Heap after GC invocations=28 (full 0):
 garbage-first heap   total 159744K, used 73489K [0x0000000080000000, 0x0000000100000000)
  region size 1024K, 8 young (8192K), 8 survivors (8192K)
 Metaspace       used 82741K, capacity 84673K, committed 84820K, reserved 1122304K
  class space    used 10653K, capacity 11319K, committed 11392K, reserved 1048576K
}
Event: 24.420 GC heap before
{Heap before GC invocations=28 (full 0):
 garbage-first heap   total 159744K, used 127761K [0x0000000080000000, 0x0000000100000000)
  region size 1024K, 62 young (63488K), 8 survivors (8192K)
 Metaspace       used 84268K, capacity 86315K, committed 86484K, reserved 1124352K
  class space    used 10837K, capacity 11511K, committed 11520K, reserved 1048576K
}
Event: 24.444 GC heap after
{Heap after GC invocations=29 (full 0):
 garbage-first heap   total 192512K, used 77825K [0x0000000080000000, 0x0000000100000000)
  region size 1024K, 5 young (5120K), 5 survivors (5120K)
 Metaspace       used 84268K, capacity 86315K, committed 86484K, reserved 1124352K
  class space    used 10837K, capacity 11511K, committed 11520K, reserved 1048576K
}
Event: 24.625 GC heap before
{Heap before GC invocations=29 (full 0):
 garbage-first heap   total 192512K, used 91137K [0x0000000080000000, 0x0000000100000000)
  region size 1024K, 12 young (12288K), 5 survivors (5120K)
 Metaspace       used 84888K, capacity 86943K, committed 87124K, reserved 1124352K
  class space    used 10933K, capacity 11637K, committed 11648K, reserved 1048576K
}
Event: 24.637 GC heap after
{Heap after GC invocations=30 (full 0):
 garbage-first heap   total 192512K, used 87044K [0x0000000080000000, 0x0000000100000000)
  region size 1024K, 6 young (6144K), 6 survivors (6144K)
 Metaspace       used 84888K, capacity 86943K, committed 87124K, reserved 1124352K
  class space    used 10933K, capacity 11637K, committed 11648K, reserved 1048576K
}
Event: 25.065 GC heap before
{Heap before GC invocations=31 (full 0):
 garbage-first heap   total 192512K, used 97284K [0x0000000080000000, 0x0000000100000000)
  region size 1024K, 9 young (9216K), 6 survivors (6144K)
 Metaspace       used 84974K, capacity 86987K, committed 87252K, reserved 1124352K
  class space    used 10938K, capacity 11628K, committed 11776K, reserved 1048576K
}
Event: 25.079 GC heap after
{Heap after GC invocations=32 (full 0):
 garbage-first heap   total 192512K, used 77947K [0x0000000080000000, 0x0000000100000000)
  region size 1024K, 1 young (1024K), 1 survivors (1024K)
 Metaspace       used 84974K, capacity 86987K, committed 87252K, reserved 1124352K
  class space    used 10938K, capacity 11628K, committed 11776K, reserved 1048576K
}
Event: 45.587 GC heap before
{Heap before GC invocations=33 (full 0):
 garbage-first heap   total 192512K, used 154747K [0x0000000080000000, 0x0000000100000000)
  region size 1024K, 70 young (71680K), 1 survivors (1024K)
 Metaspace       used 89216K, capacity 91270K, committed 91604K, reserved 1128448K
  class space    used 11251K, capacity 11950K, committed 12032K, reserved 1048576K
}
Event: 45.604 GC heap after
{Heap after GC invocations=34 (full 0):
 garbage-first heap   total 192512K, used 82565K [0x0000000080000000, 0x0000000100000000)
  region size 1024K, 6 young (6144K), 6 survivors (6144K)
 Metaspace       used 89216K, capacity 91270K, committed 91604K, reserved 1128448K
  class space    used 11251K, capacity 11950K, committed 12032K, reserved 1048576K
}
Event: 47.079 GC heap before
{Heap before GC invocations=34 (full 0):
 garbage-first heap   total 192512K, used 151173K [0x0000000080000000, 0x0000000100000000)
  region size 1024K, 74 young (75776K), 6 survivors (6144K)
 Metaspace       used 89338K, capacity 91349K, committed 91604K, reserved 1128448K
  class space    used 11252K, capacity 11953K, committed 12032K, reserved 1048576K
}
Event: 47.097 GC heap after
{Heap after GC invocations=35 (full 0):
 garbage-first heap   total 192512K, used 85272K [0x0000000080000000, 0x0000000100000000)
  region size 1024K, 8 young (8192K), 8 survivors (8192K)
 Metaspace       used 89338K, capacity 91349K, committed 91604K, reserved 1128448K
  class space    used 11252K, capacity 11953K, committed 12032K, reserved 1048576K
}
Event: 249.358 GC heap before
{Heap before GC invocations=35 (full 0):
 garbage-first heap   total 192512K, used 154904K [0x0000000080000000, 0x0000000100000000)
  region size 1024K, 77 young (78848K), 8 survivors (8192K)
 Metaspace       used 89968K, capacity 92052K, committed 92116K, reserved 1130496K
  class space    used 11267K, capacity 11975K, committed 12032K, reserved 1048576K
}
Event: 249.373 GC heap after
{Heap after GC invocations=36 (full 0):
 garbage-first heap   total 192512K, used 84363K [0x0000000080000000, 0x0000000100000000)
  region size 1024K, 6 young (6144K), 6 survivors (6144K)
 Metaspace       used 89968K, capacity 92052K, committed 92116K, reserved 1130496K
  class space    used 11267K, capacity 11975K, committed 12032K, reserved 1048576K
}

