# JRE version: OpenJDK Runtime Environment (11.0.8+10) (build 11.0.8+10-b944.6842174)
# Java VM: OpenJDK 64-Bit Server VM (11.0.8+10-b944.6842174, mixed mode, tiered, compressed oops, g1 gc, windows-amd64)
Heap:
 garbage-first heap   total 159744K, used 110357K [0x0000000080000000, 0x0000000100000000)
  region size 1024K, 17 young (17408K), 2 survivors (2048K)
 Metaspace       used 105303K, capacity 108303K, committed 108336K, reserved 1142784K
  class space    used 13402K, capacity 14460K, committed 14464K, reserved 1048576K
GC Heap History (20 events):
Event: 647.137 GC heap before
{Heap before GC invocations=50 (full 0):
 garbage-first heap   total 159744K, used 134839K [0x0000000080000000, 0x0000000100000000)
  region size 1024K, 35 young (35840K), 5 survivors (5120K)
 Metaspace       used 104628K, capacity 107616K, committed 107824K, reserved 1142784K
  class space    used 13378K, capacity 14416K, committed 14464K, reserved 1048576K
}
Event: 647.149 GC heap after
{Heap after GC invocations=51 (full 0):
 garbage-first heap   total 159744K, used 97072K [0x0000000080000000, 0x0000000100000000)
  region size 1024K, 2 young (2048K), 2 survivors (2048K)
 Metaspace       used 104628K, capacity 107616K, committed 107824K, reserved 1142784K
  class space    used 13378K, capacity 14416K, committed 14464K, reserved 1048576K
}
Event: 647.206 GC heap before
{Heap before GC invocations=51 (full 0):
 garbage-first heap   total 159744K, used 101168K [0x0000000080000000, 0x0000000100000000)
  region size 1024K, 7 young (7168K), 2 survivors (2048K)
 Metaspace       used 104635K, capacity 107617K, committed 107824K, reserved 1142784K
  class space    used 13378K, capacity 14416K, committed 14464K, reserved 1048576K
}
Event: 647.214 GC heap after
{Heap after GC invocations=52 (full 0):
 garbage-first heap   total 159744K, used 96567K [0x0000000080000000, 0x0000000100000000)
  region size 1024K, 1 young (1024K), 1 survivors (1024K)
 Metaspace       used 104635K, capacity 107617K, committed 107824K, reserved 1142784K
  class space    used 13378K, capacity 14416K, committed 14464K, reserved 1048576K
}
Event: 647.813 GC heap before
{Heap before GC invocations=52 (full 0):
 garbage-first heap   total 159744K, used 128311K [0x0000000080000000, 0x0000000100000000)
  region size 1024K, 33 young (33792K), 1 survivors (1024K)
 Metaspace       used 104859K, capacity 107898K, committed 108080K, reserved 1142784K
  class space    used 13390K, capacity 14439K, committed 14464K, reserved 1048576K
}
Event: 647.841 GC heap after
{Heap after GC invocations=53 (full 0):
 garbage-first heap   total 159744K, used 100127K [0x0000000080000000, 0x0000000100000000)
  region size 1024K, 4 young (4096K), 4 survivors (4096K)
 Metaspace       used 104859K, capacity 107898K, committed 108080K, reserved 1142784K
  class space    used 13390K, capacity 14439K, committed 14464K, reserved 1048576K
}
Event: 648.380 GC heap before
{Heap before GC invocations=54 (full 0):
 garbage-first heap   total 159744K, used 128799K [0x0000000080000000, 0x0000000100000000)
  region size 1024K, 34 young (34816K), 4 survivors (4096K)
 Metaspace       used 104896K, capacity 107985K, committed 108080K, reserved 1142784K
  class space    used 13394K, capacity 14446K, committed 14464K, reserved 1048576K
}
Event: 648.393 GC heap after
{Heap after GC invocations=55 (full 0):
 garbage-first heap   total 159744K, used 100271K [0x0000000080000000, 0x0000000100000000)
  region size 1024K, 2 young (2048K), 2 survivors (2048K)
 Metaspace       used 104896K, capacity 107985K, committed 108080K, reserved 1142784K
  class space    used 13394K, capacity 14446K, committed 14464K, reserved 1048576K
}
Event: 648.458 GC heap before
{Heap before GC invocations=55 (full 0):
 garbage-first heap   total 159744K, used 104367K [0x0000000080000000, 0x0000000100000000)
  region size 1024K, 7 young (7168K), 2 survivors (2048K)
 Metaspace       used 104901K, capacity 107988K, committed 108080K, reserved 1142784K
  class space    used 13395K, capacity 14447K, committed 14464K, reserved 1048576K
}
Event: 648.477 GC heap after
{Heap after GC invocations=56 (full 0):
 garbage-first heap   total 159744K, used 88587K [0x0000000080000000, 0x0000000100000000)
  region size 1024K, 1 young (1024K), 1 survivors (1024K)
 Metaspace       used 104901K, capacity 107988K, committed 108080K, reserved 1142784K
  class space    used 13395K, capacity 14447K, committed 14464K, reserved 1048576K
}
Event: 648.524 GC heap before
{Heap before GC invocations=56 (full 0):
 garbage-first heap   total 159744K, used 94731K [0x0000000080000000, 0x0000000100000000)
  region size 1024K, 7 young (7168K), 1 survivors (1024K)
 Metaspace       used 104903K, capacity 107988K, committed 108080K, reserved 1142784K
  class space    used 13395K, capacity 14447K, committed 14464K, reserved 1048576K
}
Event: 648.534 GC heap after
{Heap after GC invocations=57 (full 0):
 garbage-first heap   total 159744K, used 88687K [0x0000000080000000, 0x0000000100000000)
  region size 1024K, 1 young (1024K), 1 survivors (1024K)
 Metaspace       used 104903K, capacity 107988K, committed 108080K, reserved 1142784K
  class space    used 13395K, capacity 14447K, committed 14464K, reserved 1048576K
}
Event: 651.645 GC heap before
{Heap before GC invocations=57 (full 0):
 garbage-first heap   total 159744K, used 124527K [0x0000000080000000, 0x0000000100000000)
  region size 1024K, 37 young (37888K), 1 survivors (1024K)
 Metaspace       used 105011K, capacity 108025K, committed 108080K, reserved 1142784K
  class space    used 13402K, capacity 14459K, committed 14464K, reserved 1048576K
}
Event: 651.651 GC heap after
{Heap after GC invocations=58 (full 0):
 garbage-first heap   total 159744K, used 89750K [0x0000000080000000, 0x0000000100000000)
  region size 1024K, 2 young (2048K), 2 survivors (2048K)
 Metaspace       used 105011K, capacity 108025K, committed 108080K, reserved 1142784K
  class space    used 13402K, capacity 14459K, committed 14464K, reserved 1048576K
}
Event: 652.275 GC heap before
{Heap before GC invocations=59 (full 0):
 garbage-first heap   total 159744K, used 126614K [0x0000000080000000, 0x0000000100000000)
  region size 1024K, 39 young (39936K), 2 survivors (2048K)
 Metaspace       used 105283K, capacity 108295K, committed 108336K, reserved 1142784K
  class space    used 13402K, capacity 14460K, committed 14464K, reserved 1048576K
}
Event: 652.292 GC heap after
{Heap after GC invocations=60 (full 0):
 garbage-first heap   total 159744K, used 95213K [0x0000000080000000, 0x0000000100000000)
  region size 1024K, 5 young (5120K), 5 survivors (5120K)
 Metaspace       used 105283K, capacity 108295K, committed 108336K, reserved 1142784K
  class space    used 13402K, capacity 14460K, committed 14464K, reserved 1048576K
}
Event: 652.344 GC heap before
{Heap before GC invocations=60 (full 0):
 garbage-first heap   total 159744K, used 96237K [0x0000000080000000, 0x0000000100000000)
  region size 1024K, 7 young (7168K), 5 survivors (5120K)
 Metaspace       used 105287K, capacity 108298K, committed 108336K, reserved 1142784K
  class space    used 13402K, capacity 14460K, committed 14464K, reserved 1048576K
}
Event: 652.362 GC heap after
{Heap after GC invocations=61 (full 0):
 garbage-first heap   total 159744K, used 94768K [0x0000000080000000, 0x0000000100000000)
  region size 1024K, 1 young (1024K), 1 survivors (1024K)
 Metaspace       used 105287K, capacity 108298K, committed 108336K, reserved 1142784K
  class space    used 13402K, capacity 14460K, committed 14464K, reserved 1048576K
}
Event: 652.389 GC heap before
{Heap before GC invocations=61 (full 0):
 garbage-first heap   total 159744K, used 95792K [0x0000000080000000, 0x0000000100000000)
  region size 1024K, 4 young (4096K), 1 survivors (1024K)
 Metaspace       used 105290K, capacity 108298K, committed 108336K, reserved 1142784K
  class space    used 13402K, capacity 14460K, committed 14464K, reserved 1048576K
}
Event: 652.394 GC heap after
{Heap after GC invocations=62 (full 0):
 garbage-first heap   total 159744K, used 94997K [0x0000000080000000, 0x0000000100000000)
  region size 1024K, 2 young (2048K), 2 survivors (2048K)
 Metaspace       used 105290K, capacity 108298K, committed 108336K, reserved 1142784K
  class space    used 13402K, capacity 14460K, committed 14464K, reserved 1048576K
}

