# JRE version: OpenJDK Runtime Environment (11.0.8+10) (build 11.0.8+10-b944.6842174)
# Java VM: OpenJDK 64-Bit Server VM (11.0.8+10-b944.6842174, mixed mode, tiered, compressed oops, g1 gc, windows-amd64)
Heap:
 garbage-first heap   total 159744K, used 115456K [0x0000000080000000, 0x0000000100000000)
  region size 1024K, 20 young (20480K), 2 survivors (2048K)
 Metaspace       used 105297K, capacity 108323K, committed 108372K, reserved 1142784K
  class space    used 13380K, capacity 14460K, committed 14464K, reserved 1048576K
GC Heap History (20 events):
Event: 489.665 GC heap before
{Heap before GC invocations=60 (full 0):
 garbage-first heap   total 159744K, used 126222K [0x0000000080000000, 0x0000000100000000)
  region size 1024K, 36 young (36864K), 4 survivors (4096K)
 Metaspace       used 103920K, capacity 106905K, committed 107092K, reserved 1142784K
  class space    used 13263K, capacity 14341K, committed 14464K, reserved 1048576K
}
Event: 489.679 GC heap after
{Heap after GC invocations=61 (full 0):
 garbage-first heap   total 159744K, used 95926K [0x0000000080000000, 0x0000000100000000)
  region size 1024K, 2 young (2048K), 2 survivors (2048K)
 Metaspace       used 103920K, capacity 106905K, committed 107092K, reserved 1142784K
  class space    used 13263K, capacity 14341K, committed 14464K, reserved 1048576K
}
Event: 489.789 GC heap before
{Heap before GC invocations=61 (full 0):
 garbage-first heap   total 159744K, used 101046K [0x0000000080000000, 0x0000000100000000)
  region size 1024K, 7 young (7168K), 2 survivors (2048K)
 Metaspace       used 103922K, capacity 106908K, committed 107092K, reserved 1142784K
  class space    used 13263K, capacity 14342K, committed 14464K, reserved 1048576K
}
Event: 489.806 GC heap after
{Heap after GC invocations=62 (full 0):
 garbage-first heap   total 159744K, used 86301K [0x0000000080000000, 0x0000000100000000)
  region size 1024K, 1 young (1024K), 1 survivors (1024K)
 Metaspace       used 103922K, capacity 106908K, committed 107092K, reserved 1142784K
  class space    used 13263K, capacity 14342K, committed 14464K, reserved 1048576K
}
Event: 499.430 GC heap before
{Heap before GC invocations=62 (full 0):
 garbage-first heap   total 159744K, used 123165K [0x0000000080000000, 0x0000000100000000)
  region size 1024K, 38 young (38912K), 1 survivors (1024K)
 Metaspace       used 104559K, capacity 107453K, committed 107604K, reserved 1142784K
  class space    used 13355K, capacity 14439K, committed 14464K, reserved 1048576K
}
Event: 499.445 GC heap after
{Heap after GC invocations=63 (full 0):
 garbage-first heap   total 159744K, used 89795K [0x0000000080000000, 0x0000000100000000)
  region size 1024K, 5 young (5120K), 5 survivors (5120K)
 Metaspace       used 104559K, capacity 107453K, committed 107604K, reserved 1142784K
  class space    used 13355K, capacity 14439K, committed 14464K, reserved 1048576K
}
Event: 500.269 GC heap before
{Heap before GC invocations=64 (full 0):
 garbage-first heap   total 159744K, used 124611K [0x0000000080000000, 0x0000000100000000)
  region size 1024K, 40 young (40960K), 5 survivors (5120K)
 Metaspace       used 104951K, capacity 107939K, committed 108116K, reserved 1142784K
  class space    used 13372K, capacity 14448K, committed 14464K, reserved 1048576K
}
Event: 500.284 GC heap after
{Heap after GC invocations=65 (full 0):
 garbage-first heap   total 159744K, used 91696K [0x0000000080000000, 0x0000000100000000)
  region size 1024K, 2 young (2048K), 2 survivors (2048K)
 Metaspace       used 104951K, capacity 107939K, committed 108116K, reserved 1142784K
  class space    used 13372K, capacity 14448K, committed 14464K, reserved 1048576K
}
Event: 500.353 GC heap before
{Heap before GC invocations=65 (full 0):
 garbage-first heap   total 159744K, used 95792K [0x0000000080000000, 0x0000000100000000)
  region size 1024K, 7 young (7168K), 2 survivors (2048K)
 Metaspace       used 104989K, capacity 108008K, committed 108116K, reserved 1142784K
  class space    used 13373K, capacity 14449K, committed 14464K, reserved 1048576K
}
Event: 500.360 GC heap after
{Heap after GC invocations=66 (full 0):
 garbage-first heap   total 159744K, used 91369K [0x0000000080000000, 0x0000000100000000)
  region size 1024K, 1 young (1024K), 1 survivors (1024K)
 Metaspace       used 104989K, capacity 108008K, committed 108116K, reserved 1142784K
  class space    used 13373K, capacity 14449K, committed 14464K, reserved 1048576K
}
Event: 500.538 GC heap before
{Heap before GC invocations=66 (full 0):
 garbage-first heap   total 159744K, used 111849K [0x0000000080000000, 0x0000000100000000)
  region size 1024K, 23 young (23552K), 1 survivors (1024K)
 Metaspace       used 105005K, capacity 108008K, committed 108116K, reserved 1142784K
  class space    used 13373K, capacity 14449K, committed 14464K, reserved 1048576K
}
Event: 500.551 GC heap after
{Heap after GC invocations=67 (full 0):
 garbage-first heap   total 159744K, used 97270K [0x0000000080000000, 0x0000000100000000)
  region size 1024K, 5 young (5120K), 5 survivors (5120K)
 Metaspace       used 105005K, capacity 108008K, committed 108116K, reserved 1142784K
  class space    used 13373K, capacity 14449K, committed 14464K, reserved 1048576K
}
Event: 573.722 GC heap before
{Heap before GC invocations=68 (full 0):
 garbage-first heap   total 159744K, used 135158K [0x0000000080000000, 0x0000000100000000)
  region size 1024K, 35 young (35840K), 5 survivors (5120K)
 Metaspace       used 105086K, capacity 108036K, committed 108116K, reserved 1142784K
  class space    used 13375K, capacity 14453K, committed 14464K, reserved 1048576K
}
Event: 573.729 GC heap after
{Heap after GC invocations=69 (full 0):
 garbage-first heap   total 159744K, used 94634K [0x0000000080000000, 0x0000000100000000)
  region size 1024K, 2 young (2048K), 2 survivors (2048K)
 Metaspace       used 105086K, capacity 108036K, committed 108116K, reserved 1142784K
  class space    used 13375K, capacity 14453K, committed 14464K, reserved 1048576K
}
Event: 573.813 GC heap before
{Heap before GC invocations=69 (full 0):
 garbage-first heap   total 159744K, used 99754K [0x0000000080000000, 0x0000000100000000)
  region size 1024K, 7 young (7168K), 2 survivors (2048K)
 Metaspace       used 105100K, capacity 108100K, committed 108116K, reserved 1142784K
  class space    used 13375K, capacity 14453K, committed 14464K, reserved 1048576K
}
Event: 573.822 GC heap after
{Heap after GC invocations=70 (full 0):
 garbage-first heap   total 159744K, used 94041K [0x0000000080000000, 0x0000000100000000)
  region size 1024K, 1 young (1024K), 1 survivors (1024K)
 Metaspace       used 105100K, capacity 108100K, committed 108116K, reserved 1142784K
  class space    used 13375K, capacity 14453K, committed 14464K, reserved 1048576K
}
Event: 574.344 GC heap before
{Heap before GC invocations=70 (full 0):
 garbage-first heap   total 159744K, used 126809K [0x0000000080000000, 0x0000000100000000)
  region size 1024K, 34 young (34816K), 1 survivors (1024K)
 Metaspace       used 105227K, capacity 108228K, committed 108372K, reserved 1142784K
  class space    used 13376K, capacity 14453K, committed 14464K, reserved 1048576K
}
Event: 574.365 GC heap after
{Heap after GC invocations=71 (full 0):
 garbage-first heap   total 159744K, used 97570K [0x0000000080000000, 0x0000000100000000)
  region size 1024K, 4 young (4096K), 4 survivors (4096K)
 Metaspace       used 105227K, capacity 108228K, committed 108372K, reserved 1142784K
  class space    used 13376K, capacity 14453K, committed 14464K, reserved 1048576K
}
Event: 574.825 GC heap before
{Heap before GC invocations=71 (full 0):
 garbage-first heap   total 159744K, used 129314K [0x0000000080000000, 0x0000000100000000)
  region size 1024K, 36 young (36864K), 4 survivors (4096K)
 Metaspace       used 105244K, capacity 108231K, committed 108372K, reserved 1142784K
  class space    used 13376K, capacity 14453K, committed 14464K, reserved 1048576K
}
Event: 574.839 GC heap after
{Heap after GC invocations=72 (full 0):
 garbage-first heap   total 159744K, used 99072K [0x0000000080000000, 0x0000000100000000)
  region size 1024K, 2 young (2048K), 2 survivors (2048K)
 Metaspace       used 105244K, capacity 108231K, committed 108372K, reserved 1142784K
  class space    used 13376K, capacity 14453K, committed 14464K, reserved 1048576K
}

