# JRE version: OpenJDK Runtime Environment (11.0.8+10) (build 11.0.8+10-b944.6842174)
# Java VM: OpenJDK 64-Bit Server VM (11.0.8+10-b944.6842174, mixed mode, tiered, compressed oops, g1 gc, windows-amd64)
Heap:
 garbage-first heap   total 192512K, used 143197K [0x0000000080000000, 0x0000000100000000)
  region size 1024K, 66 young (67584K), 8 survivors (8192K)
 Metaspace       used 101758K, capacity 104430K, committed 104544K, reserved 1140736K
  class space    used 13101K, capacity 14054K, committed 14156K, reserved 1048576K
GC Heap History (20 events):
Event: 14.699 GC heap before
{Heap before GC invocations=23 (full 0):
 garbage-first heap   total 133120K, used 96733K [0x0000000080000000, 0x0000000100000000)
  region size 1024K, 49 young (50176K), 6 survivors (6144K)
 Metaspace       used 69383K, capacity 70991K, committed 71120K, reserved 1112064K
  class space    used 8961K, capacity 9545K, committed 9600K, reserved 1048576K
}
Event: 14.718 GC heap after
{Heap after GC invocations=24 (full 0):
 garbage-first heap   total 133120K, used 55645K [0x0000000080000000, 0x0000000100000000)
  region size 1024K, 6 young (6144K), 6 survivors (6144K)
 Metaspace       used 69383K, capacity 70991K, committed 71120K, reserved 1112064K
  class space    used 8961K, capacity 9545K, committed 9600K, reserved 1048576K
}
Event: 15.784 GC heap before
{Heap before GC invocations=24 (full 0):
 garbage-first heap   total 133120K, used 98653K [0x0000000080000000, 0x0000000100000000)
  region size 1024K, 48 young (49152K), 6 survivors (6144K)
 Metaspace       used 73417K, capacity 75093K, committed 75344K, reserved 1114112K
  class space    used 9542K, capacity 10129K, committed 10240K, reserved 1048576K
}
Event: 15.802 GC heap after
{Heap after GC invocations=25 (full 0):
 garbage-first heap   total 133120K, used 57890K [0x0000000080000000, 0x0000000100000000)
  region size 1024K, 5 young (5120K), 5 survivors (5120K)
 Metaspace       used 73417K, capacity 75093K, committed 75344K, reserved 1114112K
  class space    used 9542K, capacity 10129K, committed 10240K, reserved 1048576K
}
Event: 17.611 GC heap before
{Heap before GC invocations=25 (full 0):
 garbage-first heap   total 133120K, used 100898K [0x0000000080000000, 0x0000000100000000)
  region size 1024K, 47 young (48128K), 5 survivors (5120K)
 Metaspace       used 76669K, capacity 78519K, committed 78800K, reserved 1118208K
  class space    used 9964K, capacity 10582K, committed 10624K, reserved 1048576K
}
Event: 17.633 GC heap after
{Heap after GC invocations=26 (full 0):
 garbage-first heap   total 159744K, used 61729K [0x0000000080000000, 0x0000000100000000)
  region size 1024K, 6 young (6144K), 6 survivors (6144K)
 Metaspace       used 76669K, capacity 78519K, committed 78800K, reserved 1118208K
  class space    used 9964K, capacity 10582K, committed 10624K, reserved 1048576K
}
Event: 19.034 GC heap before
{Heap before GC invocations=26 (full 0):
 garbage-first heap   total 159744K, used 109857K [0x0000000080000000, 0x0000000100000000)
  region size 1024K, 54 young (55296K), 6 survivors (6144K)
 Metaspace       used 77318K, capacity 79157K, committed 79312K, reserved 1118208K
  class space    used 9980K, capacity 10590K, committed 10624K, reserved 1048576K
}
Event: 19.053 GC heap after
{Heap after GC invocations=27 (full 0):
 garbage-first heap   total 159744K, used 65169K [0x0000000080000000, 0x0000000100000000)
  region size 1024K, 7 young (7168K), 7 survivors (7168K)
 Metaspace       used 77318K, capacity 79157K, committed 79312K, reserved 1118208K
  class space    used 9980K, capacity 10590K, committed 10624K, reserved 1048576K
}
Event: 20.368 GC heap before
{Heap before GC invocations=27 (full 0):
 garbage-first heap   total 159744K, used 116369K [0x0000000080000000, 0x0000000100000000)
  region size 1024K, 58 young (59392K), 7 survivors (7168K)
 Metaspace       used 78646K, capacity 80495K, committed 80592K, reserved 1120256K
  class space    used 10139K, capacity 10797K, committed 10880K, reserved 1048576K
}
Event: 20.388 GC heap after
{Heap after GC invocations=28 (full 0):
 garbage-first heap   total 159744K, used 68371K [0x0000000080000000, 0x0000000100000000)
  region size 1024K, 7 young (7168K), 7 survivors (7168K)
 Metaspace       used 78646K, capacity 80495K, committed 80592K, reserved 1120256K
  class space    used 10139K, capacity 10797K, committed 10880K, reserved 1048576K
}
Event: 21.291 GC heap before
{Heap before GC invocations=28 (full 0):
 garbage-first heap   total 159744K, used 121619K [0x0000000080000000, 0x0000000100000000)
  region size 1024K, 59 young (60416K), 7 survivors (7168K)
 Metaspace       used 82625K, capacity 84525K, committed 84688K, reserved 1122304K
  class space    used 10632K, capacity 11329K, committed 11392K, reserved 1048576K
}
Event: 21.311 GC heap after
{Heap after GC invocations=29 (full 0):
 garbage-first heap   total 159744K, used 72149K [0x0000000080000000, 0x0000000100000000)
  region size 1024K, 7 young (7168K), 7 survivors (7168K)
 Metaspace       used 82625K, capacity 84525K, committed 84688K, reserved 1122304K
  class space    used 10632K, capacity 11329K, committed 11392K, reserved 1048576K
}
Event: 42.201 GC heap before
{Heap before GC invocations=29 (full 0):
 garbage-first heap   total 159744K, used 125397K [0x0000000080000000, 0x0000000100000000)
  region size 1024K, 59 young (60416K), 7 survivors (7168K)
 Metaspace       used 85476K, capacity 87612K, committed 87760K, reserved 1126400K
  class space    used 11076K, capacity 11814K, committed 11904K, reserved 1048576K
}
Event: 42.225 GC heap after
{Heap after GC invocations=30 (full 0):
 garbage-first heap   total 192512K, used 75613K [0x0000000080000000, 0x0000000100000000)
  region size 1024K, 7 young (7168K), 7 survivors (7168K)
 Metaspace       used 85476K, capacity 87612K, committed 87760K, reserved 1126400K
  class space    used 11076K, capacity 11814K, committed 11904K, reserved 1048576K
}
Event: 43.995 GC heap before
{Heap before GC invocations=30 (full 0):
 garbage-first heap   total 192512K, used 140125K [0x0000000080000000, 0x0000000100000000)
  region size 1024K, 71 young (72704K), 7 survivors (7168K)
 Metaspace       used 94625K, capacity 97140K, committed 97488K, reserved 1134592K
  class space    used 12427K, capacity 13332K, committed 13440K, reserved 1048576K
}
Event: 44.024 GC heap after
{Heap after GC invocations=31 (full 0):
 garbage-first heap   total 192512K, used 78287K [0x0000000080000000, 0x0000000100000000)
  region size 1024K, 6 young (6144K), 6 survivors (6144K)
 Metaspace       used 94625K, capacity 97140K, committed 97488K, reserved 1134592K
  class space    used 12427K, capacity 13332K, committed 13440K, reserved 1048576K
}
Event: 45.666 GC heap before
{Heap before GC invocations=31 (full 0):
 garbage-first heap   total 192512K, used 142799K [0x0000000080000000, 0x0000000100000000)
  region size 1024K, 63 young (64512K), 6 survivors (6144K)
 Metaspace       used 98404K, capacity 100947K, committed 101040K, reserved 1136640K
  class space    used 12897K, capacity 13824K, committed 13824K, reserved 1048576K
}
Event: 45.687 GC heap after
{Heap after GC invocations=32 (full 0):
 garbage-first heap   total 192512K, used 80768K [0x0000000080000000, 0x0000000100000000)
  region size 1024K, 6 young (6144K), 6 survivors (6144K)
 Metaspace       used 98404K, capacity 100947K, committed 101040K, reserved 1136640K
  class space    used 12897K, capacity 13824K, committed 13824K, reserved 1048576K
}
Event: 117.113 GC heap before
{Heap before GC invocations=33 (full 0):
 garbage-first heap   total 192512K, used 145280K [0x0000000080000000, 0x0000000100000000)
  region size 1024K, 70 young (71680K), 6 survivors (6144K)
 Metaspace       used 101572K, capacity 104204K, committed 104544K, reserved 1140736K
  class space    used 13093K, capacity 14048K, committed 14156K, reserved 1048576K
}
Event: 117.140 GC heap after
{Heap after GC invocations=34 (full 0):
 garbage-first heap   total 192512K, used 85853K [0x0000000080000000, 0x0000000100000000)
  region size 1024K, 8 young (8192K), 8 survivors (8192K)
 Metaspace       used 101572K, capacity 104204K, committed 104544K, reserved 1140736K
  class space    used 13093K, capacity 14048K, committed 14156K, reserved 1048576K
}

