# JRE version: OpenJDK Runtime Environment (11.0.8+10) (build 11.0.8+10-b944.6842174)
# Java VM: OpenJDK 64-Bit Server VM (11.0.8+10-b944.6842174, mixed mode, tiered, compressed oops, g1 gc, windows-amd64)
Heap:
 garbage-first heap   total 159744K, used 107908K [0x0000000080000000, 0x0000000100000000)
  region size 1024K, 16 young (16384K), 2 survivors (2048K)
 Metaspace       used 111324K, capacity 115460K, committed 115664K, reserved 1148928K
  class space    used 13857K, capacity 15286K, committed 15360K, reserved 1048576K
GC Heap History (20 events):
Event: 5975.617 GC heap before
{Heap before GC invocations=223 (full 0):
 garbage-first heap   total 159744K, used 132214K [0x0000000080000000, 0x0000000100000000)
  region size 1024K, 43 young (44032K), 2 survivors (2048K)
 Metaspace       used 111191K, capacity 115326K, committed 115408K, reserved 1148928K
  class space    used 13856K, capacity 15285K, committed 15360K, reserved 1048576K
}
Event: 5975.633 GC heap after
{Heap after GC invocations=224 (full 0):
 garbage-first heap   total 159744K, used 95391K [0x0000000080000000, 0x0000000100000000)
  region size 1024K, 6 young (6144K), 6 survivors (6144K)
 Metaspace       used 111191K, capacity 115326K, committed 115408K, reserved 1148928K
  class space    used 13856K, capacity 15285K, committed 15360K, reserved 1048576K
}
Event: 5975.639 GC heap before
{Heap before GC invocations=224 (full 0):
 garbage-first heap   total 159744K, used 96415K [0x0000000080000000, 0x0000000100000000)
  region size 1024K, 7 young (7168K), 6 survivors (6144K)
 Metaspace       used 111191K, capacity 115326K, committed 115408K, reserved 1148928K
  class space    used 13856K, capacity 15285K, committed 15360K, reserved 1048576K
}
Event: 5975.659 GC heap after
{Heap after GC invocations=225 (full 0):
 garbage-first heap   total 159744K, used 88814K [0x0000000080000000, 0x0000000100000000)
  region size 1024K, 1 young (1024K), 1 survivors (1024K)
 Metaspace       used 111191K, capacity 115326K, committed 115408K, reserved 1148928K
  class space    used 13856K, capacity 15285K, committed 15360K, reserved 1048576K
}
Event: 5976.368 GC heap before
{Heap before GC invocations=225 (full 0):
 garbage-first heap   total 159744K, used 129774K [0x0000000080000000, 0x0000000100000000)
  region size 1024K, 42 young (43008K), 1 survivors (1024K)
 Metaspace       used 111198K, capacity 115332K, committed 115408K, reserved 1148928K
  class space    used 13857K, capacity 15286K, committed 15360K, reserved 1048576K
}
Event: 5976.380 GC heap after
{Heap after GC invocations=226 (full 0):
 garbage-first heap   total 159744K, used 89460K [0x0000000080000000, 0x0000000100000000)
  region size 1024K, 2 young (2048K), 2 survivors (2048K)
 Metaspace       used 111198K, capacity 115332K, committed 115408K, reserved 1148928K
  class space    used 13857K, capacity 15286K, committed 15360K, reserved 1048576K
}
Event: 5977.693 GC heap before
{Heap before GC invocations=227 (full 0):
 garbage-first heap   total 159744K, used 130420K [0x0000000080000000, 0x0000000100000000)
  region size 1024K, 44 young (45056K), 2 survivors (2048K)
 Metaspace       used 111226K, capacity 115460K, committed 115664K, reserved 1148928K
  class space    used 13857K, capacity 15286K, committed 15360K, reserved 1048576K
}
Event: 5977.706 GC heap after
{Heap after GC invocations=228 (full 0):
 garbage-first heap   total 159744K, used 92024K [0x0000000080000000, 0x0000000100000000)
  region size 1024K, 5 young (5120K), 5 survivors (5120K)
 Metaspace       used 111226K, capacity 115460K, committed 115664K, reserved 1148928K
  class space    used 13857K, capacity 15286K, committed 15360K, reserved 1048576K
}
Event: 5977.716 GC heap before
{Heap before GC invocations=228 (full 0):
 garbage-first heap   total 159744K, used 94072K [0x0000000080000000, 0x0000000100000000)
  region size 1024K, 7 young (7168K), 5 survivors (5120K)
 Metaspace       used 111226K, capacity 115460K, committed 115664K, reserved 1148928K
  class space    used 13857K, capacity 15286K, committed 15360K, reserved 1048576K
}
Event: 5977.733 GC heap after
{Heap after GC invocations=229 (full 0):
 garbage-first heap   total 159744K, used 87826K [0x0000000080000000, 0x0000000100000000)
  region size 1024K, 1 young (1024K), 1 survivors (1024K)
 Metaspace       used 111226K, capacity 115460K, committed 115664K, reserved 1148928K
  class space    used 13857K, capacity 15286K, committed 15360K, reserved 1048576K
}
Event: 5977.857 GC heap before
{Heap before GC invocations=229 (full 0):
 garbage-first heap   total 159744K, used 100114K [0x0000000080000000, 0x0000000100000000)
  region size 1024K, 15 young (15360K), 1 survivors (1024K)
 Metaspace       used 111227K, capacity 115460K, committed 115664K, reserved 1148928K
  class space    used 13857K, capacity 15286K, committed 15360K, reserved 1048576K
}
Event: 5977.876 GC heap after
{Heap after GC invocations=230 (full 0):
 garbage-first heap   total 159744K, used 91808K [0x0000000080000000, 0x0000000100000000)
  region size 1024K, 5 young (5120K), 5 survivors (5120K)
 Metaspace       used 111227K, capacity 115460K, committed 115664K, reserved 1148928K
  class space    used 13857K, capacity 15286K, committed 15360K, reserved 1048576K
}
Event: 6115.503 GC heap before
{Heap before GC invocations=231 (full 0):
 garbage-first heap   total 159744K, used 131744K [0x0000000080000000, 0x0000000100000000)
  region size 1024K, 37 young (37888K), 5 survivors (5120K)
 Metaspace       used 111251K, capacity 115460K, committed 115664K, reserved 1148928K
  class space    used 13857K, capacity 15286K, committed 15360K, reserved 1048576K
}
Event: 6115.521 GC heap after
{Heap after GC invocations=232 (full 0):
 garbage-first heap   total 159744K, used 91130K [0x0000000080000000, 0x0000000100000000)
  region size 1024K, 2 young (2048K), 2 survivors (2048K)
 Metaspace       used 111251K, capacity 115460K, committed 115664K, reserved 1148928K
  class space    used 13857K, capacity 15286K, committed 15360K, reserved 1048576K
}
Event: 6115.622 GC heap before
{Heap before GC invocations=232 (full 0):
 garbage-first heap   total 159744K, used 95226K [0x0000000080000000, 0x0000000100000000)
  region size 1024K, 7 young (7168K), 2 survivors (2048K)
 Metaspace       used 111259K, capacity 115460K, committed 115664K, reserved 1148928K
  class space    used 13857K, capacity 15286K, committed 15360K, reserved 1048576K
}
Event: 6115.635 GC heap after
{Heap after GC invocations=233 (full 0):
 garbage-first heap   total 159744K, used 91116K [0x0000000080000000, 0x0000000100000000)
  region size 1024K, 1 young (1024K), 1 survivors (1024K)
 Metaspace       used 111259K, capacity 115460K, committed 115664K, reserved 1148928K
  class space    used 13857K, capacity 15286K, committed 15360K, reserved 1048576K
}
Event: 6116.148 GC heap before
{Heap before GC invocations=233 (full 0):
 garbage-first heap   total 159744K, used 124908K [0x0000000080000000, 0x0000000100000000)
  region size 1024K, 35 young (35840K), 1 survivors (1024K)
 Metaspace       used 111297K, capacity 115460K, committed 115664K, reserved 1148928K
  class space    used 13857K, capacity 15286K, committed 15360K, reserved 1048576K
}
Event: 6116.171 GC heap after
{Heap after GC invocations=234 (full 0):
 garbage-first heap   total 159744K, used 94219K [0x0000000080000000, 0x0000000100000000)
  region size 1024K, 4 young (4096K), 4 survivors (4096K)
 Metaspace       used 111297K, capacity 115460K, committed 115664K, reserved 1148928K
  class space    used 13857K, capacity 15286K, committed 15360K, reserved 1048576K
}
Event: 6116.572 GC heap before
{Heap before GC invocations=234 (full 0):
 garbage-first heap   total 159744K, used 126976K [0x0000000080000000, 0x0000000100000000)
  region size 1024K, 37 young (37888K), 4 survivors (4096K)
 Metaspace       used 111311K, capacity 115460K, committed 115664K, reserved 1148928K
  class space    used 13857K, capacity 15286K, committed 15360K, reserved 1048576K
}
Event: 6116.587 GC heap after
{Heap after GC invocations=235 (full 0):
 garbage-first heap   total 159744K, used 95620K [0x0000000080000000, 0x0000000100000000)
  region size 1024K, 2 young (2048K), 2 survivors (2048K)
 Metaspace       used 111311K, capacity 115460K, committed 115664K, reserved 1148928K
  class space    used 13857K, capacity 15286K, committed 15360K, reserved 1048576K
}

