# JRE version: OpenJDK Runtime Environment (11.0.8+10) (build 11.0.8+10-b944.6842174)
# Java VM: OpenJDK 64-Bit Server VM (11.0.8+10-b944.6842174, mixed mode, tiered, compressed oops, g1 gc, windows-amd64)
Heap:
 garbage-first heap   total 357376K, used 223043K [0x0000000080000000, 0x0000000100000000)
  region size 1024K, 123 young (125952K), 2 survivors (2048K)
 Metaspace       used 122355K, capacity 125693K, committed 125908K, reserved 1159168K
  class space    used 15318K, capacity 16514K, committed 16640K, reserved 1048576K
GC Heap History (20 events):
Event: 62.956 GC heap before
{Heap before GC invocations=54 (full 0):
 garbage-first heap   total 279552K, used 221646K [0x0000000080000000, 0x0000000100000000)
  region size 1024K, 36 young (36864K), 3 survivors (3072K)
 Metaspace       used 114760K, capacity 117671K, committed 118356K, reserved 1153024K
  class space    used 14683K, capacity 15722K, committed 16000K, reserved 1048576K
}
Event: 62.986 GC heap after
{Heap after GC invocations=55 (full 0):
 garbage-first heap   total 279552K, used 193216K [0x0000000080000000, 0x0000000100000000)
  region size 1024K, 5 young (5120K), 5 survivors (5120K)
 Metaspace       used 114760K, capacity 117671K, committed 118356K, reserved 1153024K
  class space    used 14683K, capacity 15722K, committed 16000K, reserved 1048576K
}
Event: 63.418 GC heap before
{Heap before GC invocations=55 (full 0):
 garbage-first heap   total 279552K, used 206528K [0x0000000080000000, 0x0000000100000000)
  region size 1024K, 13 young (13312K), 5 survivors (5120K)
 Metaspace       used 114765K, capacity 117671K, committed 118356K, reserved 1153024K
  class space    used 14683K, capacity 15722K, committed 16000K, reserved 1048576K
}
Event: 63.447 GC heap after
{Heap after GC invocations=56 (full 0):
 garbage-first heap   total 279552K, used 198573K [0x0000000080000000, 0x0000000100000000)
  region size 1024K, 2 young (2048K), 2 survivors (2048K)
 Metaspace       used 114765K, capacity 117671K, committed 118356K, reserved 1153024K
  class space    used 14683K, capacity 15722K, committed 16000K, reserved 1048576K
}
Event: 63.970 GC heap before
{Heap before GC invocations=56 (full 0):
 garbage-first heap   total 279552K, used 230317K [0x0000000080000000, 0x0000000100000000)
  region size 1024K, 29 young (29696K), 2 survivors (2048K)
 Metaspace       used 114782K, capacity 117673K, committed 118356K, reserved 1153024K
  class space    used 14683K, capacity 15722K, committed 16000K, reserved 1048576K
}
Event: 63.985 GC heap after
{Heap after GC invocations=57 (full 0):
 garbage-first heap   total 279552K, used 207009K [0x0000000080000000, 0x0000000100000000)
  region size 1024K, 4 young (4096K), 4 survivors (4096K)
 Metaspace       used 114782K, capacity 117673K, committed 118356K, reserved 1153024K
  class space    used 14683K, capacity 15722K, committed 16000K, reserved 1048576K
}
Event: 64.986 GC heap before
{Heap before GC invocations=57 (full 0):
 garbage-first heap   total 279552K, used 229537K [0x0000000080000000, 0x0000000100000000)
  region size 1024K, 27 young (27648K), 4 survivors (4096K)
 Metaspace       used 114849K, capacity 117757K, committed 118356K, reserved 1153024K
  class space    used 14682K, capacity 15720K, committed 16000K, reserved 1048576K
}
Event: 65.005 GC heap after
{Heap after GC invocations=58 (full 0):
 garbage-first heap   total 357376K, used 209339K [0x0000000080000000, 0x0000000100000000)
  region size 1024K, 3 young (3072K), 3 survivors (3072K)
 Metaspace       used 114849K, capacity 117757K, committed 118356K, reserved 1153024K
  class space    used 14682K, capacity 15720K, committed 16000K, reserved 1048576K
}
Event: 68.192 GC heap before
{Heap before GC invocations=59 (full 0):
 garbage-first heap   total 357376K, used 315835K [0x0000000080000000, 0x0000000100000000)
  region size 1024K, 70 young (71680K), 3 survivors (3072K)
 Metaspace       used 119952K, capacity 122858K, committed 123092K, reserved 1157120K
  class space    used 15134K, capacity 16214K, committed 16384K, reserved 1048576K
}
Event: 68.217 GC heap after
{Heap after GC invocations=60 (full 0):
 garbage-first heap   total 357376K, used 201697K [0x0000000080000000, 0x0000000100000000)
  region size 1024K, 4 young (4096K), 4 survivors (4096K)
 Metaspace       used 119952K, capacity 122858K, committed 123092K, reserved 1157120K
  class space    used 15134K, capacity 16214K, committed 16384K, reserved 1048576K
}
Event: 107.020 GC heap before
{Heap before GC invocations=60 (full 0):
 garbage-first heap   total 357376K, used 213985K [0x0000000080000000, 0x0000000100000000)
  region size 1024K, 17 young (17408K), 4 survivors (4096K)
 Metaspace       used 120283K, capacity 123194K, committed 123604K, reserved 1157120K
  class space    used 15138K, capacity 16222K, committed 16384K, reserved 1048576K
}
Event: 107.048 GC heap after
{Heap after GC invocations=61 (full 0):
 garbage-first heap   total 357376K, used 193347K [0x0000000080000000, 0x0000000100000000)
  region size 1024K, 3 young (3072K), 3 survivors (3072K)
 Metaspace       used 120283K, capacity 123194K, committed 123604K, reserved 1157120K
  class space    used 15138K, capacity 16222K, committed 16384K, reserved 1048576K
}
Event: 109.822 GC heap before
{Heap before GC invocations=61 (full 0):
 garbage-first heap   total 357376K, used 276291K [0x0000000080000000, 0x0000000100000000)
  region size 1024K, 85 young (87040K), 3 survivors (3072K)
 Metaspace       used 120764K, capacity 123749K, committed 124116K, reserved 1157120K
  class space    used 15150K, capacity 16242K, committed 16384K, reserved 1048576K
}
Event: 109.842 GC heap after
{Heap after GC invocations=62 (full 0):
 garbage-first heap   total 357376K, used 198494K [0x0000000080000000, 0x0000000100000000)
  region size 1024K, 8 young (8192K), 8 survivors (8192K)
 Metaspace       used 120764K, capacity 123749K, committed 124116K, reserved 1157120K
  class space    used 15150K, capacity 16242K, committed 16384K, reserved 1048576K
}
Event: 124.616 GC heap before
{Heap before GC invocations=62 (full 0):
 garbage-first heap   total 357376K, used 282462K [0x0000000080000000, 0x0000000100000000)
  region size 1024K, 91 young (93184K), 8 survivors (8192K)
 Metaspace       used 121119K, capacity 124170K, committed 124372K, reserved 1157120K
  class space    used 15165K, capacity 16263K, committed 16384K, reserved 1048576K
}
Event: 124.647 GC heap after
{Heap after GC invocations=63 (full 0):
 garbage-first heap   total 357376K, used 197227K [0x0000000080000000, 0x0000000100000000)
  region size 1024K, 5 young (5120K), 5 survivors (5120K)
 Metaspace       used 121119K, capacity 124170K, committed 124372K, reserved 1157120K
  class space    used 15165K, capacity 16263K, committed 16384K, reserved 1048576K
}
Event: 126.434 GC heap before
{Heap before GC invocations=64 (full 0):
 garbage-first heap   total 357376K, used 218731K [0x0000000080000000, 0x0000000100000000)
  region size 1024K, 93 young (95232K), 5 survivors (5120K)
 Metaspace       used 121245K, capacity 124314K, committed 124628K, reserved 1157120K
  class space    used 15176K, capacity 16285K, committed 16384K, reserved 1048576K
}
Event: 126.459 GC heap after
{Heap after GC invocations=65 (full 0):
 garbage-first heap   total 357376K, used 132554K [0x0000000080000000, 0x0000000100000000)
  region size 1024K, 8 young (8192K), 8 survivors (8192K)
 Metaspace       used 121245K, capacity 124314K, committed 124628K, reserved 1157120K
  class space    used 15176K, capacity 16285K, committed 16384K, reserved 1048576K
}
Event: 126.592 GC heap before
{Heap before GC invocations=65 (full 0):
 garbage-first heap   total 357376K, used 140746K [0x0000000080000000, 0x0000000100000000)
  region size 1024K, 17 young (17408K), 8 survivors (8192K)
 Metaspace       used 121255K, capacity 124314K, committed 124628K, reserved 1157120K
  class space    used 15176K, capacity 16285K, committed 16384K, reserved 1048576K
}
Event: 126.616 GC heap after
{Heap after GC invocations=66 (full 0):
 garbage-first heap   total 357376K, used 101187K [0x0000000080000000, 0x0000000100000000)
  region size 1024K, 2 young (2048K), 2 survivors (2048K)
 Metaspace       used 121255K, capacity 124314K, committed 124628K, reserved 1157120K
  class space    used 15176K, capacity 16285K, committed 16384K, reserved 1048576K
}

