# JRE version: OpenJDK Runtime Environment (11.0.8+10) (build 11.0.8+10-b944.6842174)
# Java VM: OpenJDK 64-Bit Server VM (11.0.8+10-b944.6842174, mixed mode, tiered, compressed oops, g1 gc, windows-amd64)
Heap:
 garbage-first heap   total 753664K, used 257985K [0x0000000080000000, 0x0000000100000000)
  region size 1024K, 7 young (7168K), 7 survivors (7168K)
 Metaspace       used 116658K, capacity 119445K, committed 119672K, reserved 1153024K
  class space    used 14698K, capacity 15751K, committed 15820K, reserved 1048576K
GC Heap History (20 events):
Event: 95.660 GC heap after
{Heap after GC invocations=79 (full 0):
 garbage-first heap   total 198656K, used 158171K [0x0000000080000000, 0x0000000100000000)
  region size 1024K, 2 young (2048K), 2 survivors (2048K)
 Metaspace       used 112265K, capacity 115039K, committed 115192K, reserved 1148928K
  class space    used 14261K, capacity 15300K, committed 15436K, reserved 1048576K
}
Event: 95.810 GC heap before
{Heap before GC invocations=79 (full 0):
 garbage-first heap   total 198656K, used 164315K [0x0000000080000000, 0x0000000100000000)
  region size 1024K, 9 young (9216K), 2 survivors (2048K)
 Metaspace       used 112511K, capacity 115333K, committed 115448K, reserved 1148928K
  class space    used 14296K, capacity 15333K, committed 15436K, reserved 1048576K
}
Event: 95.830 GC heap after
{Heap after GC invocations=80 (full 0):
 garbage-first heap   total 198656K, used 159667K [0x0000000080000000, 0x0000000100000000)
  region size 1024K, 2 young (2048K), 2 survivors (2048K)
 Metaspace       used 112511K, capacity 115333K, committed 115448K, reserved 1148928K
  class space    used 14296K, capacity 15333K, committed 15436K, reserved 1048576K
}
Event: 95.936 GC heap before
{Heap before GC invocations=80 (full 0):
 garbage-first heap   total 198656K, used 167859K [0x0000000080000000, 0x0000000100000000)
  region size 1024K, 10 young (10240K), 2 survivors (2048K)
 Metaspace       used 112670K, capacity 115493K, committed 115704K, reserved 1148928K
  class space    used 14319K, capacity 15365K, committed 15436K, reserved 1048576K
}
Event: 95.963 GC heap after
{Heap after GC invocations=81 (full 0):
 garbage-first heap   total 238592K, used 163535K [0x0000000080000000, 0x0000000100000000)
  region size 1024K, 2 young (2048K), 2 survivors (2048K)
 Metaspace       used 112670K, capacity 115493K, committed 115704K, reserved 1148928K
  class space    used 14319K, capacity 15365K, committed 15436K, reserved 1048576K
}
Event: 96.834 GC heap before
{Heap before GC invocations=81 (full 0):
 garbage-first heap   total 238592K, used 182991K [0x0000000080000000, 0x0000000100000000)
  region size 1024K, 20 young (20480K), 2 survivors (2048K)
 Metaspace       used 114342K, capacity 117157K, committed 117368K, reserved 1150976K
  class space    used 14463K, capacity 15513K, committed 15564K, reserved 1048576K
}
Event: 96.877 GC heap after
{Heap after GC invocations=82 (full 0):
 garbage-first heap   total 238592K, used 170405K [0x0000000080000000, 0x0000000100000000)
  region size 1024K, 3 young (3072K), 3 survivors (3072K)
 Metaspace       used 114342K, capacity 117157K, committed 117368K, reserved 1150976K
  class space    used 14463K, capacity 15513K, committed 15564K, reserved 1048576K
}
Event: 97.193 GC heap before
{Heap before GC invocations=83 (full 0):
 garbage-first heap   total 238592K, used 186789K [0x0000000080000000, 0x0000000100000000)
  region size 1024K, 20 young (20480K), 3 survivors (3072K)
 Metaspace       used 114827K, capacity 117611K, committed 117752K, reserved 1150976K
  class space    used 14533K, capacity 15577K, committed 15692K, reserved 1048576K
}
Event: 97.231 GC heap after
{Heap after GC invocations=84 (full 0):
 garbage-first heap   total 238592K, used 179587K [0x0000000080000000, 0x0000000100000000)
  region size 1024K, 3 young (3072K), 3 survivors (3072K)
 Metaspace       used 114827K, capacity 117611K, committed 117752K, reserved 1150976K
  class space    used 14533K, capacity 15577K, committed 15692K, reserved 1048576K
}
Event: 97.365 GC heap before
{Heap before GC invocations=84 (full 0):
 garbage-first heap   total 238592K, used 193923K [0x0000000080000000, 0x0000000100000000)
  region size 1024K, 17 young (17408K), 3 survivors (3072K)
 Metaspace       used 114975K, capacity 117771K, committed 118008K, reserved 1150976K
  class space    used 14552K, capacity 15609K, committed 15692K, reserved 1048576K
}
Event: 97.395 GC heap after
{Heap after GC invocations=85 (full 0):
 garbage-first heap   total 238592K, used 187771K [0x0000000080000000, 0x0000000100000000)
  region size 1024K, 3 young (3072K), 3 survivors (3072K)
 Metaspace       used 114975K, capacity 117771K, committed 118008K, reserved 1150976K
  class space    used 14552K, capacity 15609K, committed 15692K, reserved 1048576K
}
Event: 97.575 GC heap before
{Heap before GC invocations=85 (full 0):
 garbage-first heap   total 238592K, used 198011K [0x0000000080000000, 0x0000000100000000)
  region size 1024K, 13 young (13312K), 3 survivors (3072K)
 Metaspace       used 115055K, capacity 117835K, committed 118008K, reserved 1150976K
  class space    used 14562K, capacity 15609K, committed 15692K, reserved 1048576K
}
Event: 97.635 GC heap after
{Heap after GC invocations=86 (full 0):
 garbage-first heap   total 417792K, used 193921K [0x0000000080000000, 0x0000000100000000)
  region size 1024K, 2 young (2048K), 2 survivors (2048K)
 Metaspace       used 115055K, capacity 117835K, committed 118008K, reserved 1150976K
  class space    used 14562K, capacity 15609K, committed 15692K, reserved 1048576K
}
Event: 98.910 GC heap before
{Heap before GC invocations=87 (full 0):
 garbage-first heap   total 417792K, used 221569K [0x0000000080000000, 0x0000000100000000)
  region size 1024K, 29 young (29696K), 2 survivors (2048K)
 Metaspace       used 115371K, capacity 118238K, committed 118264K, reserved 1153024K
  class space    used 14594K, capacity 15679K, committed 15692K, reserved 1048576K
}
Event: 98.963 GC heap after
{Heap after GC invocations=88 (full 0):
 garbage-first heap   total 417792K, used 209920K [0x0000000080000000, 0x0000000100000000)
  region size 1024K, 8 young (8192K), 8 survivors (8192K)
 Metaspace       used 115371K, capacity 118238K, committed 118264K, reserved 1153024K
  class space    used 14594K, capacity 15679K, committed 15692K, reserved 1048576K
}
Event: 101.773 GC heap before
{Heap before GC invocations=89 (full 0):
 garbage-first heap   total 417792K, used 266240K [0x0000000080000000, 0x0000000100000000)
  region size 1024K, 63 young (64512K), 8 survivors (8192K)
 Metaspace       used 116630K, capacity 119444K, committed 119672K, reserved 1153024K
  class space    used 14698K, capacity 15751K, committed 15820K, reserved 1048576K
}
Event: 101.863 GC heap after
{Heap after GC invocations=90 (full 0):
 garbage-first heap   total 417792K, used 227328K [0x0000000080000000, 0x0000000100000000)
  region size 1024K, 8 young (8192K), 8 survivors (8192K)
 Metaspace       used 116630K, capacity 119444K, committed 119672K, reserved 1153024K
  class space    used 14698K, capacity 15751K, committed 15820K, reserved 1048576K
}
Event: 101.897 GC heap before
{Heap before GC invocations=90 (full 0):
 garbage-first heap   total 417792K, used 228352K [0x0000000080000000, 0x0000000100000000)
  region size 1024K, 10 young (10240K), 8 survivors (8192K)
 Metaspace       used 116631K, capacity 119444K, committed 119672K, reserved 1153024K
  class space    used 14698K, capacity 15751K, committed 15820K, reserved 1048576K
}
Event: 101.928 GC heap after
{Heap after GC invocations=91 (full 0):
 garbage-first heap   total 417792K, used 230272K [0x0000000080000000, 0x0000000100000000)
  region size 1024K, 2 young (2048K), 2 survivors (2048K)
 Metaspace       used 116631K, capacity 119444K, committed 119672K, reserved 1153024K
  class space    used 14698K, capacity 15751K, committed 15820K, reserved 1048576K
}
Event: 103.192 GC heap before
{Heap before GC invocations=91 (full 0):
 garbage-first heap   total 417792K, used 275328K [0x0000000080000000, 0x0000000100000000)
  region size 1024K, 50 young (51200K), 2 survivors (2048K)
 Metaspace       used 116658K, capacity 119445K, committed 119672K, reserved 1153024K
  class space    used 14698K, capacity 15751K, committed 15820K, reserved 1048576K
}

